<?xml version="1.0" encoding="UTF-8"?>
<testng-results ignored="0" total="1" passed="1" failed="0" skipped="0">
  <reporter-output>
  </reporter-output>
  <suite started-at="2022-04-23T13:56:11 ICT" name="Surefire suite" finished-at="2022-04-23T13:56:11 ICT" duration-ms="42">
    <groups>
    </groups>
    <test started-at="2022-04-23T13:56:11 ICT" name="Surefire test" finished-at="2022-04-23T13:56:11 ICT" duration-ms="42">
      <class name="demo_dimensions.AppTest">
        <test-method signature="shouldAnswerWithTrue()" started-at="2022-04-23T13:56:11 ICT" name="shouldAnswerWithTrue" finished-at="2022-04-23T13:56:11 ICT" duration-ms="9" status="PASS">
          <reporter-output>
          </reporter-output>
        </test-method> <!-- shouldAnswerWithTrue -->
      </class> <!-- demo_dimensions.AppTest -->
    </test> <!-- Surefire test -->
  </suite> <!-- Surefire suite -->
</testng-results>
