<?xml version="1.0" encoding="UTF-8"?>
<!-- Generated by org.testng.reporters.JUnitXMLReporter -->
<testsuite ignored="0" hostname="KGZWhite" failures="0" tests="8" name="Surefire test" time="0.042" errors="0" timestamp="2022-04-23T13:56:11 ICT">
  <testcase classname="demo_dimensions.TestDimensions" name="tc01" time="0.006"/>
  <testcase classname="demo_dimensions.TestDimensions" name="tc02" time="0.0"/>
  <testcase classname="demo_dimensions.TestDimensions" name="tc03" time="0.0"/>
  <testcase classname="demo_dimensions.TestDimensions" name="tc04" time="0.0"/>
  <testcase classname="demo_dimensions.TestDimensions" name="tc05" time="0.0"/>
  <testcase classname="demo_dimensions.TestDimensions" name="tc06" time="0.0"/>
  <testcase classname="demo_dimensions.TestDimensions" name="tc07" time="0.0"/>
  <testcase classname="demo_dimensions.TestDimensions" name="tc08" time="0.0"/>
</testsuite> <!-- Surefire test -->
