<?xml version="1.0" encoding="UTF-8"?>
<testng-results ignored="0" total="8" passed="8" failed="0" skipped="0">
  <reporter-output>
  </reporter-output>
  <suite started-at="2022-04-23T13:56:11 ICT" name="Surefire suite" finished-at="2022-04-23T13:56:11 ICT" duration-ms="42">
    <groups>
    </groups>
    <test started-at="2022-04-23T13:56:11 ICT" name="Surefire test" finished-at="2022-04-23T13:56:11 ICT" duration-ms="42">
      <class name="demo_dimensions.TestDimensions">
        <test-method signature="tc01()[pri:0, instance:demo_dimensions.TestDimensions@34123d65]" started-at="2022-04-23T13:56:11 ICT" name="tc01" description="TC01: 0-Pattern One Dimension" finished-at="2022-04-23T13:56:11 ICT" duration-ms="6" status="PASS">
          <reporter-output>
          </reporter-output>
        </test-method> <!-- tc01 -->
        <test-method signature="tc02()[pri:0, instance:demo_dimensions.TestDimensions@34123d65]" started-at="2022-04-23T13:56:11 ICT" name="tc02" description="TC02: 0-Pattern Two Dimension" finished-at="2022-04-23T13:56:11 ICT" duration-ms="0" status="PASS">
          <reporter-output>
          </reporter-output>
        </test-method> <!-- tc02 -->
        <test-method signature="tc04()[pri:0, instance:demo_dimensions.TestDimensions@34123d65]" started-at="2022-04-23T13:56:11 ICT" name="tc04" description="TC04: 1-Pattern Two Dimension" finished-at="2022-04-23T13:56:11 ICT" duration-ms="0" status="PASS">
          <reporter-output>
          </reporter-output>
        </test-method> <!-- tc04 -->
        <test-method signature="tc03()[pri:0, instance:demo_dimensions.TestDimensions@34123d65]" started-at="2022-04-23T13:56:11 ICT" name="tc03" description="TC03: 1-Pattern One Dimension" finished-at="2022-04-23T13:56:11 ICT" duration-ms="0" status="PASS">
          <reporter-output>
          </reporter-output>
        </test-method> <!-- tc03 -->
        <test-method signature="tc05()[pri:0, instance:demo_dimensions.TestDimensions@34123d65]" started-at="2022-04-23T13:56:11 ICT" name="tc05" description="TC05: 2/more-Patterns One Dimension" finished-at="2022-04-23T13:56:11 ICT" duration-ms="0" status="PASS">
          <reporter-output>
          </reporter-output>
        </test-method> <!-- tc05 -->
        <test-method signature="tc06()[pri:0, instance:demo_dimensions.TestDimensions@34123d65]" started-at="2022-04-23T13:56:11 ICT" name="tc06" description="TC06: 2/more-Patterns Two Dimension" finished-at="2022-04-23T13:56:11 ICT" duration-ms="0" status="PASS">
          <reporter-output>
          </reporter-output>
        </test-method> <!-- tc06 -->
        <test-method signature="tc07()[pri:0, instance:demo_dimensions.TestDimensions@34123d65]" started-at="2022-04-23T13:56:11 ICT" name="tc07" description="TC07: Have Patterns But Blank OneDimension" finished-at="2022-04-23T13:56:11 ICT" duration-ms="0" status="PASS">
          <reporter-output>
          </reporter-output>
        </test-method> <!-- tc07 -->
        <test-method signature="tc08()[pri:0, instance:demo_dimensions.TestDimensions@34123d65]" started-at="2022-04-23T13:56:11 ICT" name="tc08" description="TC08: Have Patterns But Blank TwoDimension" finished-at="2022-04-23T13:56:11 ICT" duration-ms="0" status="PASS">
          <reporter-output>
          </reporter-output>
        </test-method> <!-- tc08 -->
      </class> <!-- demo_dimensions.TestDimensions -->
    </test> <!-- Surefire test -->
  </suite> <!-- Surefire suite -->
</testng-results>
